2025-08-01 11:18:55,245   INFO  **********************Start logging**********************
2025-08-01 11:18:55,245   INFO  CUDA_VISIBLE_DEVICES=ALL
2025-08-01 11:18:55,245   INFO  Training with a single process
2025-08-01 11:18:55,245   INFO  cfg_file         tools/cfgs/kitti_models/esformer.yaml
2025-08-01 11:18:55,245   INFO  batch_size       2
2025-08-01 11:18:55,245   INFO  epochs           80
2025-08-01 11:18:55,245   INFO  workers          4
2025-08-01 11:18:55,245   INFO  extra_tag        default
2025-08-01 11:18:55,245   INFO  ckpt             None
2025-08-01 11:18:55,245   INFO  pretrained_model None
2025-08-01 11:18:55,245   INFO  launcher         none
2025-08-01 11:18:55,245   INFO  tcp_port         18888
2025-08-01 11:18:55,245   INFO  sync_bn          False
2025-08-01 11:18:55,245   INFO  fix_random_seed  False
2025-08-01 11:18:55,246   INFO  ckpt_save_interval 1
2025-08-01 11:18:55,246   INFO  local_rank       None
2025-08-01 11:18:55,246   INFO  max_ckpt_save_num 30
2025-08-01 11:18:55,246   INFO  merge_all_iters_to_one_epoch False
2025-08-01 11:18:55,246   INFO  set_cfgs         None
2025-08-01 11:18:55,246   INFO  max_waiting_mins 0
2025-08-01 11:18:55,246   INFO  start_epoch      0
2025-08-01 11:18:55,246   INFO  num_epochs_to_eval 0
2025-08-01 11:18:55,246   INFO  save_to_file     False
2025-08-01 11:18:55,246   INFO  use_tqdm_to_record False
2025-08-01 11:18:55,246   INFO  logger_iter_interval 50
2025-08-01 11:18:55,246   INFO  ckpt_save_time_interval 300
2025-08-01 11:18:55,246   INFO  wo_gpu_stat      False
2025-08-01 11:18:55,246   INFO  use_amp          False
2025-08-01 11:18:55,246   INFO  cfg.ROOT_DIR: /workspace/OpenPCDet
2025-08-01 11:18:55,246   INFO  cfg.LOCAL_RANK: 0
2025-08-01 11:18:55,246   INFO  cfg.DATA_PATH: data/kitti
2025-08-01 11:18:55,246   INFO  cfg.CLASS_NAMES: ['Car', 'Pedestrian', 'Cyclist']
2025-08-01 11:18:55,246   INFO  ----------- DATA_CONFIG -----------
2025-08-01 11:18:55,246   INFO  cfg.DATA_CONFIG.DATASET: KittiDataset
2025-08-01 11:18:55,246   INFO  cfg.DATA_CONFIG.DATA_PATH: data/kitti
2025-08-01 11:18:55,246   INFO  cfg.DATA_CONFIG.POINT_CLOUD_RANGE: [0, -40, -3, 70.4, 40, 1]
2025-08-01 11:18:55,246   INFO  ----------- DATA_SPLIT -----------
2025-08-01 11:18:55,246   INFO  cfg.DATA_CONFIG.DATA_SPLIT.train: train
2025-08-01 11:18:55,246   INFO  cfg.DATA_CONFIG.DATA_SPLIT.test: val
2025-08-01 11:18:55,246   INFO  ----------- INFO_PATH -----------
2025-08-01 11:18:55,246   INFO  cfg.DATA_CONFIG.INFO_PATH.train: ['kitti_infos_train.pkl']
2025-08-01 11:18:55,246   INFO  cfg.DATA_CONFIG.INFO_PATH.test: ['kitti_infos_val.pkl']
2025-08-01 11:18:55,246   INFO  cfg.DATA_CONFIG.GET_ITEM_LIST: ['points']
2025-08-01 11:18:55,246   INFO  cfg.DATA_CONFIG.FOV_POINTS_ONLY: True
2025-08-01 11:18:55,246   INFO  ----------- DATA_AUGMENTOR -----------
2025-08-01 11:18:55,246   INFO  cfg.DATA_CONFIG.DATA_AUGMENTOR.DISABLE_AUG_LIST: ['placeholder']
2025-08-01 11:18:55,246   INFO  cfg.DATA_CONFIG.DATA_AUGMENTOR.AUG_CONFIG_LIST: [{'NAME': 'random_world_flip', 'ALONG_AXIS_LIST': ['x']}, {'NAME': 'random_world_rotation', 'WORLD_ROT_ANGLE': [-0.78539816, 0.78539816]}, {'NAME': 'random_world_scaling', 'WORLD_SCALE_RANGE': [0.95, 1.05]}]
2025-08-01 11:18:55,246   INFO  ----------- POINT_FEATURE_ENCODING -----------
2025-08-01 11:18:55,246   INFO  cfg.DATA_CONFIG.POINT_FEATURE_ENCODING.encoding_type: absolute_coordinates_encoding
2025-08-01 11:18:55,246   INFO  cfg.DATA_CONFIG.POINT_FEATURE_ENCODING.used_feature_list: ['x', 'y', 'z', 'intensity']
2025-08-01 11:18:55,246   INFO  cfg.DATA_CONFIG.POINT_FEATURE_ENCODING.src_feature_list: ['x', 'y', 'z', 'intensity']
2025-08-01 11:18:55,246   INFO  cfg.DATA_CONFIG.DATA_PROCESSOR: [{'NAME': 'mask_points_and_boxes_outside_range', 'REMOVE_OUTSIDE_BOXES': True}, {'NAME': 'shuffle_points', 'SHUFFLE_ENABLED': {'train': True, 'test': False}}, {'NAME': 'transform_points_to_voxels', 'VOXEL_SIZE': [0.16, 0.16, 4], 'MAX_POINTS_PER_VOXEL': 100, 'MAX_NUMBER_OF_VOXELS': {'train': 16000, 'test': 40000}}]
2025-08-01 11:18:55,246   INFO  cfg.DATA_CONFIG._BASE_CONFIG_: tools/cfgs/dataset_configs/kitti_dataset.yaml
2025-08-01 11:18:55,246   INFO  ----------- MODEL -----------
2025-08-01 11:18:55,246   INFO  cfg.MODEL.NAME: ESFormer
2025-08-01 11:18:55,246   INFO  ----------- VFE -----------
2025-08-01 11:18:55,246   INFO  cfg.MODEL.VFE.NAME: PillarVFE
2025-08-01 11:18:55,246   INFO  cfg.MODEL.VFE.WITH_DISTANCE: False
2025-08-01 11:18:55,246   INFO  cfg.MODEL.VFE.USE_ABSLOTE_XYZ: True
2025-08-01 11:18:55,246   INFO  cfg.MODEL.VFE.USE_NORM: True
2025-08-01 11:18:55,246   INFO  cfg.MODEL.VFE.NUM_FILTERS: [64]
2025-08-01 11:18:55,246   INFO  ----------- MAP_TO_BEV -----------
2025-08-01 11:18:55,246   INFO  cfg.MODEL.MAP_TO_BEV.NAME: PointPillarScatter
2025-08-01 11:18:55,246   INFO  cfg.MODEL.MAP_TO_BEV.NUM_BEV_FEATURES: 64
2025-08-01 11:18:55,246   INFO  ----------- PCES_TOOL -----------
2025-08-01 11:18:55,246   INFO  cfg.MODEL.PCES_TOOL.NAME: PCESTool
2025-08-01 11:18:55,246   INFO  cfg.MODEL.PCES_TOOL.HIDDEN_DIM: 64
2025-08-01 11:18:55,246   INFO  cfg.MODEL.PCES_TOOL.NUM_HEADS: 8
2025-08-01 11:18:55,246   INFO  ----------- BACKBONE_2D -----------
2025-08-01 11:18:55,246   INFO  cfg.MODEL.BACKBONE_2D.NAME: SwinTransformerPlus
2025-08-01 11:18:55,246   INFO  cfg.MODEL.BACKBONE_2D.INPUT_CHANNELS: 64
2025-08-01 11:18:55,246   INFO  cfg.MODEL.BACKBONE_2D.EMBED_DIM: 96
2025-08-01 11:18:55,246   INFO  cfg.MODEL.BACKBONE_2D.DEPTHS: [2, 2, 6, 2]
2025-08-01 11:18:55,246   INFO  cfg.MODEL.BACKBONE_2D.NUM_HEADS: [3, 6, 12, 24]
2025-08-01 11:18:55,246   INFO  cfg.MODEL.BACKBONE_2D.WINDOW_SIZE: 7
2025-08-01 11:18:55,246   INFO  ----------- DENSE_HEAD -----------
2025-08-01 11:18:55,246   INFO  cfg.MODEL.DENSE_HEAD.NAME: CenterPointHeadES
2025-08-01 11:18:55,246   INFO  cfg.MODEL.DENSE_HEAD.CLASS_AGNOSTIC: False
2025-08-01 11:18:55,246   INFO  cfg.MODEL.DENSE_HEAD.INPUT_FEATURES: 256
2025-08-01 11:18:55,246   INFO  cfg.MODEL.DENSE_HEAD.SHARED_CONV_CHANNEL: 256
2025-08-01 11:18:55,246   INFO  cfg.MODEL.DENSE_HEAD.HEADS_LIST: [{'HEAD_CLS': {'out_channels': 3}}, {'HEAD_REG': {'out_channels': 2}}, {'HEAD_HEIGHT': {'out_channels': 1}}, {'HEAD_SIZE': {'out_channels': 3}}, {'HEAD_ANGLE': {'out_channels': 2}}]
2025-08-01 11:18:55,246   INFO  ----------- LOSS_CONFIG -----------
2025-08-01 11:18:55,247   INFO  cfg.MODEL.DENSE_HEAD.LOSS_CONFIG.CLASSIFICATION_LOSS: FocalLoss
2025-08-01 11:18:55,247   INFO  cfg.MODEL.DENSE_HEAD.LOSS_CONFIG.REGRESSION_LOSS: SmoothL1Loss
2025-08-01 11:18:55,247   INFO  cfg.MODEL.DENSE_HEAD.LOSS_CONFIG.LAMBDA_CLS: 1.0
2025-08-01 11:18:55,247   INFO  cfg.MODEL.DENSE_HEAD.LOSS_CONFIG.LAMBDA_IOC: 2.0
2025-08-01 11:18:55,247   INFO  cfg.MODEL.DENSE_HEAD.LOSS_CONFIG.LAMBDA_DIR: 0.2
2025-08-01 11:18:55,247   INFO  ----------- POST_PROCESSING -----------
2025-08-01 11:18:55,247   INFO  cfg.MODEL.DENSE_HEAD.POST_PROCESSING.SCORE_THRESH: 0.1
2025-08-01 11:18:55,247   INFO  cfg.MODEL.DENSE_HEAD.POST_PROCESSING.POST_CENTER_LIMIT_RANGE: [0, -40.0, -5.0, 70.4, 40.0, 5.0]
2025-08-01 11:18:55,247   INFO  cfg.MODEL.DENSE_HEAD.POST_PROCESSING.MAX_OBJ_PER_SAMPLE: 500
2025-08-01 11:18:55,247   INFO  ----------- NMS_CONFIG -----------
2025-08-01 11:18:55,247   INFO  cfg.MODEL.DENSE_HEAD.POST_PROCESSING.NMS_CONFIG.NMS_TYPE: nms_gpu
2025-08-01 11:18:55,247   INFO  cfg.MODEL.DENSE_HEAD.POST_PROCESSING.NMS_CONFIG.NMS_THRESH: 0.01
2025-08-01 11:18:55,247   INFO  cfg.MODEL.DENSE_HEAD.POST_PROCESSING.NMS_CONFIG.NMS_PRE_MAXSIZE: 4096
2025-08-01 11:18:55,247   INFO  cfg.MODEL.DENSE_HEAD.POST_PROCESSING.NMS_CONFIG.NMS_POST_MAXSIZE: 500
2025-08-01 11:18:55,247   INFO  ----------- OPTIMIZATION -----------
2025-08-01 11:18:55,247   INFO  cfg.OPTIMIZATION.OPTIMIZER: adam_one_cycle
2025-08-01 11:18:55,247   INFO  cfg.OPTIMIZATION.LR: 0.003
2025-08-01 11:18:55,247   INFO  cfg.OPTIMIZATION.WEIGHT_DECAY: 0.01
2025-08-01 11:18:55,247   INFO  cfg.OPTIMIZATION.MOMENTUM: 0.9
2025-08-01 11:18:55,247   INFO  cfg.OPTIMIZATION.MOMS: [0.95, 0.85]
2025-08-01 11:18:55,247   INFO  cfg.OPTIMIZATION.PCT_START: 0.4
2025-08-01 11:18:55,248   INFO  cfg.OPTIMIZATION.DIV_FACTOR: 10
2025-08-01 11:18:55,248   INFO  cfg.OPTIMIZATION.NUM_EPOCHS: 80
2025-08-01 11:18:55,248   INFO  cfg.OPTIMIZATION.BATCH_SIZE_PER_GPU: 2
2025-08-01 11:18:55,248   INFO  cfg.TAG: esformer
2025-08-01 11:18:55,248   INFO  cfg.EXP_GROUP_PATH: cfgs/kitti_models
2025-08-01 11:18:55,252   INFO  ----------- Create dataloader & network & optimizer -----------
2025-08-01 11:18:55,252   INFO  Loading KITTI dataset
2025-08-01 11:18:55,252   INFO  Total samples for KITTI dataset: 15
